<?xml version="1.0" encoding="UTF-8" ?>
<testsuite errors="0" failures="0" hostname="Norma" name="spai.egit2.test.AllEgit2Tests" tests="25" time="0.338" timestamp="2013-10-19T23:16:34">
  <properties>
    <property name="java.vendor" value="Oracle Corporation" />
    <property name="sun.java.launcher" value="SUN_STANDARD" />
    <property name="eclipse.pdebuild.templates" value="/C:/Users/NoRMiGa/Documents/SoTWaRe/Eclipse Kepler/plugins/org.eclipse.pde.build_3.8.100.v20130514-1028/templates/" />
    <property name="sun.management.compiler" value="HotSpot Client Compiler" />
    <property name="dist" value="C:\Users\NoRMiGa\git\EG2NJimenez\dist" />
    <property name="os.name" value="Windows 8" />
    <property name="sun.boot.class.path" value="C:\Program Files (x86)\Java\jre7\lib\resources.jar;C:\Program Files (x86)\Java\jre7\lib\rt.jar;C:\Program Files (x86)\Java\jre7\lib\sunrsasign.jar;C:\Program Files (x86)\Java\jre7\lib\jsse.jar;C:\Program Files (x86)\Java\jre7\lib\jce.jar;C:\Program Files (x86)\Java\jre7\lib\charsets.jar;C:\Program Files (x86)\Java\jre7\lib\jfr.jar;C:\Program Files (x86)\Java\jre7\classes" />
    <property name="sun.desktop" value="windows" />
    <property name="java.vm.specification.vendor" value="Oracle Corporation" />
    <property name="ant.home" value="C:\Users\NoRMiGa\Documents\SoTWaRe\Eclipse Kepler\plugins\org.apache.ant_1.8.4.v201303080030" />
    <property name="java.runtime.version" value="1.7.0_40-b43" />
    <property name="ant.file.type.EG2NJimenez" value="file" />
    <property name="user.name" value="NoRMiGa" />
    <property name="user.language" value="es" />
    <property name="build" value="C:\Users\NoRMiGa\git\EG2NJimenez\build" />
    <property name="sun.boot.library.path" value="C:\Program Files (x86)\Java\jre7\bin" />
    <property name="ant.project.default-target" value="main" />
    <property name="ant.project.name" value="EG2NJimenez" />
    <property name="java.version" value="1.7.0_40" />
    <property name="version" value="1.0.0" />
    <property name="user.timezone" value="" />
    <property name="sun.arch.data.model" value="32" />
    <property name="java.endorsed.dirs" value="C:\Program Files (x86)\Java\jre7\lib\endorsed" />
    <property name="sun.cpu.isalist" value="" />
    <property name="sun.jnu.encoding" value="Cp1252" />
    <property name="file.encoding.pkg" value="sun.io" />
    <property name="file.separator" value="\" />
    <property name="java.specification.name" value="Java Platform API Specification" />
    <property name="java.class.version" value="51.0" />
    <property name="src" value="C:\Users\NoRMiGa\git\EG2NJimenez\src" />
    <property name="user.country" value="MX" />
    <property name="java.home" value="C:\Program Files (x86)\Java\jre7" />
    <property name="java.vm.info" value="mixed mode, sharing" />
    <property name="ant.file" value="C:\Users\NoRMiGa\git\EG2NJimenez\build.xml" />
    <property name="os.version" value="6.2" />
    <property name="path.separator" value=";" />
    <property name="java.vm.version" value="24.0-b56" />
    <property name="user.variant" value="" />
    <property name="ant.library.dir" value="C:\Users\NoRMiGa\Documents\SoTWaRe\Eclipse Kepler\plugins\org.apache.ant_1.8.4.v201303080030\lib" />
    <property name="java.awt.printerjob" value="sun.awt.windows.WPrinterJob" />
    <property name="sun.io.unicode.encoding" value="UnicodeLittle" />
    <property name="awt.toolkit" value="sun.awt.windows.WToolkit" />
    <property name="user.script" value="" />
    <property name="eclipse.pdebuild.scripts" value="/C:/Users/NoRMiGa/Documents/SoTWaRe/Eclipse Kepler/plugins/org.eclipse.pde.build_3.8.100.v20130514-1028/scripts/" />
    <property name="user.home" value="C:\Users\NoRMiGa" />
    <property name="java.specification.vendor" value="Oracle Corporation" />
    <property name="test" value="C:\Users\NoRMiGa\git\EG2NJimenez\test" />
    <property name="java.library.path" value="C:\Program Files (x86)\Java\jre7\bin;C:\WINDOWS\Sun\Java\bin;C:\WINDOWS\system32;C:\WINDOWS;C:/Program Files (x86)/Java/jre7/bin/client;C:/Program Files (x86)/Java/jre7/bin;C:/Program Files (x86)/Java/jre7/lib/i386;C:\WINDOWS;C:\WINDOWS\system32;C:\Program Files\Java\jdk1.7.0_45\bin;C:\Users\NoRMiGa\Documents\SoTWaRe\Eclipse Kepler;;." />
    <property name="name" value="EG2NJimenez" />
    <property name="java.vendor.url" value="http://java.oracle.com/" />
    <property name="java.vm.vendor" value="Oracle Corporation" />
    <property name="java.runtime.name" value="Java(TM) SE Runtime Environment" />
    <property name="sun.java.command" value="org.apache.tools.ant.taskdefs.optional.junit.JUnitTestRunner spai.egit2.test.AllEgit2Tests filtertrace=true haltOnError=false haltOnFailure=true formatter=org.apache.tools.ant.taskdefs.optional.junit.SummaryJUnitResultFormatter showoutput=false outputtoformatters=true logfailedtests=true logtestlistenerevents=false formatter=org.apache.tools.ant.taskdefs.optional.junit.XMLJUnitResultFormatter,C:\Users\NoRMiGa\git\EG2NJimenez\testReport\TEST-spai.egit2.test.AllEgit2Tests.xml crashfile=C:\Users\NoRMiGa\git\EG2NJimenez\junitvmwatcher3839760214813434699.properties propsfile=C:\Users\NoRMiGa\git\EG2NJimenez\junit2156005927754357046.properties" />
    <property name="java.class.path" value="C:\Users\NoRMiGa\git\EG2NJimenez\build\main;C:\Users\NoRMiGa\git\EG2NJimenez\build\test;C:\Users\NoRMiGa\git\EG2NJimenez\lib\junit-4.10.jar;C:\Users\NoRMiGa\Documents\SoTWaRe\Eclipse Kepler\plugins\org.apache.ant_1.8.4.v201303080030\lib\ant-launcher.jar;C:\Users\NoRMiGa\Documents\SoTWaRe\Eclipse Kepler\plugins\org.apache.ant_1.8.4.v201303080030\lib\ant.jar;C:\Users\NoRMiGa\Documents\SoTWaRe\Eclipse Kepler\plugins\org.apache.ant_1.8.4.v201303080030\lib\ant-junit.jar;C:\Users\NoRMiGa\Documents\SoTWaRe\Eclipse Kepler\plugins\org.apache.ant_1.8.4.v201303080030\lib\ant-junit4.jar" />
    <property name="ant.version" value="Apache Ant(TM) version 1.8.4 compiled on May 22 2012" />
    <property name="java.vm.specification.name" value="Java Virtual Machine Specification" />
    <property name="java.vm.specification.version" value="1.7" />
    <property name="sun.cpu.endian" value="little" />
    <property name="sun.os.patch.level" value="" />
    <property name="eclipse.pdebuild.home" value="/C:/Users/NoRMiGa/Documents/SoTWaRe/Eclipse Kepler/plugins/org.eclipse.pde.build_3.8.100.v20130514-1028/./" />
    <property name="java.io.tmpdir" value="C:\Users\NoRMiGa\AppData\Local\Temp\" />
    <property name="java.vendor.url.bug" value="http://bugreport.sun.com/bugreport/" />
    <property name="testReport" value="C:\Users\NoRMiGa\git\EG2NJimenez\testReport" />
    <property name="os.arch" value="x86" />
    <property name="java.awt.graphicsenv" value="sun.awt.Win32GraphicsEnvironment" />
    <property name="java.ext.dirs" value="C:\Program Files (x86)\Java\jre7\lib\ext;C:\WINDOWS\Sun\Java\lib\ext" />
    <property name="user.dir" value="C:\Users\NoRMiGa\git\EG2NJimenez" />
    <property name="line.separator" value="&#xd;&#xa;" />
    <property name="java.vm.name" value="Java HotSpot(TM) Client VM" />
    <property name="basedir" value="C:\Users\NoRMiGa\git\EG2NJimenez" />
    <property name="ant.java.version" value="1.7" />
    <property name="ant.core.lib" value="C:\Users\NoRMiGa\Documents\SoTWaRe\Eclipse Kepler\plugins\org.apache.ant_1.8.4.v201303080030\lib\ant.jar" />
    <property name="file.encoding" value="Cp1252" />
    <property name="ant.file.EG2NJimenez" value="C:\Users\NoRMiGa\git\EG2NJimenez\build.xml" />
    <property name="java.specification.version" value="1.7" />
    <property name="ant.project.invoked-targets" value="main" />
    <property name="junit" value="C:\Users\NoRMiGa\git\EG2NJimenez\lib\junit-4.10.jar" />
  </properties>
  <testcase classname="spai.egit2.test.ColeccionDecimalesTest" name="testMayor" time="0.007" />
  <testcase classname="spai.egit2.test.ColeccionDecimalesTest" name="testSuma" time="0.001" />
  <testcase classname="spai.egit2.test.ColeccionDecimalesTest" name="testMenor" time="0.0" />
  <testcase classname="spai.egit2.test.NumeroEnteroTest" name="testConstructorConParametros" time="0.001" />
  <testcase classname="spai.egit2.test.NumeroEnteroTest" name="testConstructorSinParametros" time="0.0" />
  <testcase classname="spai.egit2.test.NumeroEnteroTest" name="testDecrementar" time="0.001" />
  <testcase classname="spai.egit2.test.NumeroEnteroTest" name="testIncrementar" time="0.0" />
  <testcase classname="spai.egit2.test.NumeroEnteroTest" name="testTriplicar" time="0.0" />
  <testcase classname="spai.egit2.test.NumeroEnteroTest" name="testDoblar" time="0.0" />
  <testcase classname="spai.egit2.test.PersonaTest" name="testGetApellidoMaterno" time="0.001" />
  <testcase classname="spai.egit2.test.PersonaTest" name="testSetApellidoMaterno" time="0.001" />
  <testcase classname="spai.egit2.test.PersonaTest" name="testSetApellido" time="0.0" />
  <testcase classname="spai.egit2.test.PersonaTest" name="testGetApellido" time="0.001" />
  <testcase classname="spai.egit2.test.PersonaTest" name="testNombreCompleto" time="0.0" />
  <testcase classname="spai.egit2.test.PersonaTest" name="testGetNombre" time="0.0" />
  <testcase classname="spai.egit2.test.PersonaTest" name="testSetNombre" time="0.001" />
  <testcase classname="spai.egit2.test.PersonaTest" name="testInicial" time="0.001" />
  <testcase classname="spai.egit2.test.FraccionTest" name="testConstructorSinParametros" time="0.0" />
  <testcase classname="spai.egit2.test.FraccionTest" name="testEquivalente" time="0.0" />
  <testcase classname="spai.egit2.test.FraccionTest" name="testSetNumerador" time="0.001" />
  <testcase classname="spai.egit2.test.FraccionTest" name="testSetDenominador" time="0.001" />
  <testcase classname="spai.egit2.test.FraccionTest" name="testcontructorIntInt" time="0.0" />
  <testcase classname="spai.egit2.test.FraccionTest" name="testIsImpropia" time="0.0" />
  <testcase classname="spai.egit2.test.FraccionTest" name="testDecimal" time="0.0" />
  <testcase classname="spai.egit2.test.FraccionTest" name="testIsPropia" time="0.0" />
  <system-out><![CDATA[]]></system-out>
  <system-err><![CDATA[]]></system-err>
</testsuite>
